<?xml version="1.0" encoding="UTF-8"?>
<!-- Generated by org.testng.reporters.JUnitXMLReporter -->
<testsuite ignored="0" hostname="LNZLT079" failures="0" tests="5" name="Default test" time="166.481" errors="0" timestamp="2022-05-18T09:49:26 NZST">
  <testcase classname="com.mylotto.qa.testcases.RegistrationMyLotto" name="RegistrationForm" time="25.722"/>
  <testcase classname="com.mylotto.qa.testcases.RegistrationMyLotto" name="RegistrationForm" time="25.871"/>
  <testcase classname="com.mylotto.qa.testcases.RegistrationMyLotto" name="RegistrationForm" time="26.23"/>
  <testcase classname="com.mylotto.qa.testcases.RegistrationMyLotto" name="RegistrationForm" time="26.081"/>
  <testcase classname="com.mylotto.qa.testcases.RegistrationMyLotto" name="RegistrationForm" time="26.123"/>
</testsuite> <!-- Default test -->
