<?xml version="1.0" encoding="UTF-8"?>
<!-- Generated by org.testng.reporters.JUnitXMLReporter -->
<testsuite ignored="0" hostname="LNZLT079" failures="0" tests="5" name="Regression" time="168.235" errors="0" timestamp="2022-05-18T10:00:50 NZST">
  <testcase classname="com.mylotto.qa.testcases.RegistrationMyLotto" name="RegistrationForm" time="26.316"/>
  <testcase classname="com.mylotto.qa.testcases.RegistrationMyLotto" name="RegistrationForm" time="26.5"/>
  <testcase classname="com.mylotto.qa.testcases.RegistrationMyLotto" name="RegistrationForm" time="25.868"/>
  <testcase classname="com.mylotto.qa.testcases.RegistrationMyLotto" name="RegistrationForm" time="25.861"/>
  <testcase classname="com.mylotto.qa.testcases.RegistrationMyLotto" name="RegistrationForm" time="25.913"/>
</testsuite> <!-- Regression -->
