<?xml version="1.0" encoding="UTF-8"?>
<testsuite xmlns:xsi="http://www.w3.org/2001/XMLSchema-instance" xsi:noNamespaceSchemaLocation="https://maven.apache.org/surefire/maven-surefire-plugin/xsd/surefire-test-report-3.0.xsd" version="3.0" name="TestSuite" time="21.11" tests="1" errors="0" skipped="0" failures="0">
  <properties>
[...]
</properties>
  <testcase name="RegistrationForm[a.subbu1984@gmail.com, Subramani, Ayyanar, Password1, Password1, 25, `1963, 4123321](1)" classname="com.mylotto.qa.testcases.RegistrationMyLotto" time="8.308">
    <system-out><![CDATA[Before navigating to: 'https://2.cat.mylotto.co.nz/'
Navigated to:'https://2.cat.mylotto.co.nz/'
Trying to find Element By : By.id: nav-menu-main-signup-link
Found Element By : By.id: nav-menu-main-signup-link
Trying to click on: [[ChromeDriver: chrome on WINDOWS (5e6d1449dcc1654930c0966a026d1e6b)] -> id: nav-menu-main-signup-link]
Clicked on: [[ChromeDriver: chrome on WINDOWS (5e6d1449dcc1654930c0966a026d1e6b)] -> id: nav-menu-main-signup-link]
Trying to find Element By : By.xpath: /html/body/div[1]/div/div/div[1]/div[4]/div/ul/li/button
Found Element By : By.xpath: /html/body/div[1]/div/div/div[1]/div[4]/div/ul/li/button
Trying to click on: [[ChromeDriver: chrome on WINDOWS (5e6d1449dcc1654930c0966a026d1e6b)] -> xpath: /html/body/div[1]/div/div/div[1]/div[4]/div/ul/li/button]
Clicked on: [[ChromeDriver: chrome on WINDOWS (5e6d1449dcc1654930c0966a026d1e6b)] -> xpath: /html/body/div[1]/div/div/div[1]/div[4]/div/ul/li/button]
Trying to find Element By : By.id: email
Found Element By : By.id: email
Trying to find Element By : By.id: password
Found Element By : By.id: password
Trying to find Element By : By.name: password2
Found Element By : By.name: password2
Trying to find Element By : By.name: firstName
Found Element By : By.name: firstName
Trying to find Element By : By.name: lastName
Found Element By : By.name: lastName
Trying to find Element By : By.name: dobDay
Found Element By : By.name: dobDay
Trying to find Element By : By.name: dobMonth
Found Element By : By.name: dobMonth
Trying to find Element By : By.xpath: .//option[normalize-space(.) = "September"]
Found Element By : By.xpath: .//option[normalize-space(.) = "September"]
Trying to click on: [[[[ChromeDriver: chrome on WINDOWS (5e6d1449dcc1654930c0966a026d1e6b)] -> name: dobMonth]] -> xpath: .//option[normalize-space(.) = "September"]]
Clicked on: [[[[ChromeDriver: chrome on WINDOWS (5e6d1449dcc1654930c0966a026d1e6b)] -> name: dobMonth]] -> xpath: .//option[normalize-space(.) = "September"]]
Trying to find Element By : By.name: dobYear
Found Element By : By.name: dobYear
Trying to find Element By : By.id: label-male
Found Element By : By.id: label-male
Trying to click on: [[ChromeDriver: chrome on WINDOWS (5e6d1449dcc1654930c0966a026d1e6b)] -> id: label-male]
Clicked on: [[ChromeDriver: chrome on WINDOWS (5e6d1449dcc1654930c0966a026d1e6b)] -> id: label-male]
Trying to find Element By : By.id: mobilePhoneNumber
Found Element By : By.id: mobilePhoneNumber
Trying to find Element By : By.name: location
Found Element By : By.name: location
Trying to find Element By : By.xpath: .//option[normalize-space(.) = "Marlborough"]
Found Element By : By.xpath: .//option[normalize-space(.) = "Marlborough"]
Trying to click on: [[[[ChromeDriver: chrome on WINDOWS (5e6d1449dcc1654930c0966a026d1e6b)] -> name: location]] -> xpath: .//option[normalize-space(.) = "Marlborough"]]
Clicked on: [[[[ChromeDriver: chrome on WINDOWS (5e6d1449dcc1654930c0966a026d1e6b)] -> name: location]] -> xpath: .//option[normalize-space(.) = "Marlborough"]]
Trying to find Element By : By.name: city
Found Element By : By.name: city
Trying to find Element By : By.xpath: .//option[normalize-space(.) = "Marlborough"]
Found Element By : By.xpath: .//option[normalize-space(.) = "Marlborough"]
Trying to click on: [[[[ChromeDriver: chrome on WINDOWS (5e6d1449dcc1654930c0966a026d1e6b)] -> name: city]] -> xpath: .//option[normalize-space(.) = "Marlborough"]]
Clicked on: [[[[ChromeDriver: chrome on WINDOWS (5e6d1449dcc1654930c0966a026d1e6b)] -> name: city]] -> xpath: .//option[normalize-space(.) = "Marlborough"]]
I am in RegistrationForm
a.subbu1984@gmail.com  via csv
Subramani  via csv
Ayyanar  via csv
Password1  via csv
Password1  via csv
4123321  via csv
]]></system-out>
    <system-err><![CDATA[Starting ChromeDriver 101.0.4951.41 (93c720db8323b3ec10d056025ab95c23a31997c9-refs/branch-heads/4951@{#904}) on port 43341
Only local connections are allowed.
Please see https://chromedriver.chromium.org/security-considerations for suggestions on keeping ChromeDriver safe.
ChromeDriver was started successfully.
[1655155530.652][WARNING]: This version of ChromeDriver has not been tested with Chrome version 102.
Jun 14, 2022 9:25:31 AM org.openqa.selenium.remote.ProtocolHandshake createSession
INFO: Detected dialect: W3C
]]></system-err>
  </testcase>
</testsuite>