<?xml version="1.0" encoding="UTF-8"?>
<testng-results ignored="0" total="2" passed="2" failed="0" skipped="0">
  <reporter-output>
  </reporter-output>
  <suite started-at="2021-06-03T09:41:25 NZST" name="Surefire suite" finished-at="2021-06-03T09:41:43 NZST" duration-ms="18023">
    <groups>
    </groups>
    <test started-at="2021-06-03T09:41:25 NZST" name="Surefire test" finished-at="2021-06-03T09:41:43 NZST" duration-ms="18023">
      <class name="com.mylotto.qa.testcases.LoginTest">
        <test-method is-config="true" signature="setup()[pri:0, instance:com.mylotto.qa.testcases.LoginTest@4218d6a3]" started-at="2021-06-03T09:41:25 NZST" name="setup" finished-at="2021-06-03T09:41:33 NZST" duration-ms="7844" status="PASS">
          <reporter-output>
          </reporter-output>
        </test-method> <!-- setup -->
        <test-method signature="validateLoginPageTitle()[pri:1, instance:com.mylotto.qa.testcases.LoginTest@4218d6a3]" started-at="2021-06-03T09:41:33 NZST" name="validateLoginPageTitle" finished-at="2021-06-03T09:41:33 NZST" duration-ms="29" status="PASS">
          <reporter-output>
          </reporter-output>
        </test-method> <!-- validateLoginPageTitle -->
        <test-method is-config="true" signature="tearDown()[pri:0, instance:com.mylotto.qa.testcases.LoginTest@4218d6a3]" started-at="2021-06-03T09:41:33 NZST" name="tearDown" finished-at="2021-06-03T09:41:34 NZST" duration-ms="945" status="PASS">
          <reporter-output>
          </reporter-output>
        </test-method> <!-- tearDown -->
        <test-method is-config="true" signature="setup()[pri:0, instance:com.mylotto.qa.testcases.LoginTest@4218d6a3]" started-at="2021-06-03T09:41:34 NZST" name="setup" finished-at="2021-06-03T09:41:40 NZST" duration-ms="6021" status="PASS">
          <reporter-output>
          </reporter-output>
        </test-method> <!-- setup -->
        <test-method signature="loginTestMyLotto()[pri:2, instance:com.mylotto.qa.testcases.LoginTest@4218d6a3]" started-at="2021-06-03T09:41:40 NZST" name="loginTestMyLotto" finished-at="2021-06-03T09:41:42 NZST" duration-ms="2233" status="PASS">
          <reporter-output>
          </reporter-output>
        </test-method> <!-- loginTestMyLotto -->
        <test-method is-config="true" signature="tearDown()[pri:0, instance:com.mylotto.qa.testcases.LoginTest@4218d6a3]" started-at="2021-06-03T09:41:42 NZST" name="tearDown" finished-at="2021-06-03T09:41:43 NZST" duration-ms="901" status="PASS">
          <reporter-output>
          </reporter-output>
        </test-method> <!-- tearDown -->
      </class> <!-- com.mylotto.qa.testcases.LoginTest -->
    </test> <!-- Surefire test -->
  </suite> <!-- Surefire suite -->
</testng-results>
