<?xml version="1.0" encoding="UTF-8"?>
<testng-results ignored="0" total="1" passed="1" failed="0" skipped="0">
  <reporter-output>
  </reporter-output>
  <suite started-at="2022-05-20T14:29:00 NZST" name="MyLotto TestNG Framework" finished-at="2022-05-20T14:29:19 NZST" duration-ms="19606">
    <groups>
    </groups>
    <test started-at="2022-05-20T14:29:00 NZST" name="Regression" finished-at="2022-05-20T14:29:19 NZST" duration-ms="19606">
      <class name="com.mylotto.qa.testcases.RegistrationMyLotto">
        <test-method is-config="true" signature="setup()[pri:0, instance:com.mylotto.qa.testcases.RegistrationMyLotto@3571b748]" started-at="2022-05-20T14:29:01 NZST" name="setup" finished-at="2022-05-20T14:29:06 NZST" duration-ms="5600" status="PASS">
          <reporter-output>
          </reporter-output>
        </test-method> <!-- setup -->
        <test-method signature="RegistrationForm(java.lang.String,java.lang.String,java.lang.String,java.lang.String,java.lang.String,java.lang.String,java.lang.String,java.lang.String)[pri:1, instance:com.mylotto.qa.testcases.RegistrationMyLotto@3571b748]" started-at="2022-05-20T14:29:06 NZST" name="RegistrationForm" data-provider="getTestData" finished-at="2022-05-20T14:29:18 NZST" duration-ms="11390" status="PASS">
          <params>
            <param index="0">
              <value>
                <![CDATA[a.subbu1984@gmail.com]]>
              </value>
            </param>
            <param index="1">
              <value>
                <![CDATA[Subramani]]>
              </value>
            </param>
            <param index="2">
              <value>
                <![CDATA[Ayyanar]]>
              </value>
            </param>
            <param index="3">
              <value>
                <![CDATA[Password1]]>
              </value>
            </param>
            <param index="4">
              <value>
                <![CDATA[Password1]]>
              </value>
            </param>
            <param index="5">
              <value>
                <![CDATA[25]]>
              </value>
            </param>
            <param index="6">
              <value>
                <![CDATA[`1963]]>
              </value>
            </param>
            <param index="7">
              <value>
                <![CDATA[4123321]]>
              </value>
            </param>
          </params>
          <reporter-output>
          </reporter-output>
        </test-method> <!-- RegistrationForm -->
        <test-method is-config="true" signature="tearDown()[pri:0, instance:com.mylotto.qa.testcases.RegistrationMyLotto@3571b748]" started-at="2022-05-20T14:29:18 NZST" name="tearDown" finished-at="2022-05-20T14:29:19 NZST" duration-ms="1382" status="PASS">
          <reporter-output>
          </reporter-output>
        </test-method> <!-- tearDown -->
      </class> <!-- com.mylotto.qa.testcases.RegistrationMyLotto -->
    </test> <!-- Regression -->
  </suite> <!-- MyLotto TestNG Framework -->
</testng-results>
