<?xml version="1.0" encoding="UTF-8"?>
<testng-results ignored="0" total="2" passed="2" failed="0" skipped="0">
  <reporter-output>
  </reporter-output>
  <suite started-at="2022-06-10T18:11:51 NZST" name="Default suite" finished-at="2022-06-10T18:12:41 NZST" duration-ms="50712">
    <groups>
    </groups>
    <test started-at="2022-06-10T18:11:51 NZST" name="Default test" finished-at="2022-06-10T18:12:41 NZST" duration-ms="50712">
      <class name="com.mylotto.qa.testcases.LottoDips">
        <test-method is-config="true" signature="setup()[pri:0, instance:com.mylotto.qa.testcases.LottoDips@732c2a62]" started-at="2022-06-10T18:11:52 NZST" name="setup" finished-at="2022-06-10T18:11:59 NZST" duration-ms="7217" status="PASS">
          <reporter-output>
          </reporter-output>
        </test-method> <!-- setup -->
        <test-method signature="LoginDetails(java.lang.String,java.lang.String)[pri:1, instance:com.mylotto.qa.testcases.LottoDips@732c2a62]" started-at="2022-06-10T18:11:59 NZST" name="LoginDetails" data-provider="getTestData" finished-at="2022-06-10T18:12:16 NZST" duration-ms="17638" status="PASS">
          <params>
            <param index="0">
              <value>
                <![CDATA[a.robinson@xtra.co.nz]]>
              </value>
            </param>
            <param index="1">
              <value>
                <![CDATA[Password1]]>
              </value>
            </param>
          </params>
          <reporter-output>
          </reporter-output>
        </test-method> <!-- LoginDetails -->
        <test-method is-config="true" signature="tearDown()[pri:0, instance:com.mylotto.qa.testcases.LottoDips@732c2a62]" started-at="2022-06-10T18:12:16 NZST" name="tearDown" finished-at="2022-06-10T18:12:18 NZST" duration-ms="1141" status="PASS">
          <reporter-output>
          </reporter-output>
        </test-method> <!-- tearDown -->
        <test-method is-config="true" signature="setup()[pri:0, instance:com.mylotto.qa.testcases.LottoDips@732c2a62]" started-at="2022-06-10T18:12:18 NZST" name="setup" finished-at="2022-06-10T18:12:23 NZST" duration-ms="5244" status="PASS">
          <reporter-output>
          </reporter-output>
        </test-method> <!-- setup -->
        <test-method signature="LoginDetails(java.lang.String,java.lang.String)[pri:1, instance:com.mylotto.qa.testcases.LottoDips@732c2a62]" started-at="2022-06-10T18:12:23 NZST" name="LoginDetails" data-provider="getTestData" finished-at="2022-06-10T18:12:41 NZST" duration-ms="17727" status="PASS">
          <params>
            <param index="0">
              <value>
                <![CDATA[brookswhanau@xtra.co.nz]]>
              </value>
            </param>
            <param index="1">
              <value>
                <![CDATA[Password1]]>
              </value>
            </param>
          </params>
          <reporter-output>
          </reporter-output>
        </test-method> <!-- LoginDetails -->
        <test-method is-config="true" signature="tearDown()[pri:0, instance:com.mylotto.qa.testcases.LottoDips@732c2a62]" started-at="2022-06-10T18:12:41 NZST" name="tearDown" finished-at="2022-06-10T18:12:41 NZST" duration-ms="986" status="PASS">
          <reporter-output>
          </reporter-output>
        </test-method> <!-- tearDown -->
      </class> <!-- com.mylotto.qa.testcases.LottoDips -->
    </test> <!-- Default test -->
  </suite> <!-- Default suite -->
</testng-results>
