<?xml version="1.0" encoding="UTF-8"?>
<testng-results ignored="0" total="2" passed="2" failed="0" skipped="0">
  <reporter-output>
  </reporter-output>
  <suite started-at="2021-06-02T10:47:44 NZST" name="MyLotto TestNG Framework" finished-at="2021-06-02T10:48:17 NZST" duration-ms="32211">
    <groups>
    </groups>
    <test started-at="2021-06-02T10:47:44 NZST" name="Regression" finished-at="2021-06-02T10:48:17 NZST" duration-ms="32211">
      <class name="com.mylotto.qa.testcases.RegistrationMyLotto">
        <test-method is-config="true" signature="setup()[pri:0, instance:com.mylotto.qa.testcases.RegistrationMyLotto@11bd0f3b]" started-at="2021-06-02T10:47:45 NZST" name="setup" finished-at="2021-06-02T10:47:52 NZST" duration-ms="6810" status="PASS">
          <reporter-output>
          </reporter-output>
        </test-method> <!-- setup -->
        <test-method signature="RegistrationForm(java.lang.String,java.lang.String,java.lang.String,java.lang.String,java.lang.String)[pri:1, instance:com.mylotto.qa.testcases.RegistrationMyLotto@11bd0f3b]" started-at="2021-06-02T10:47:52 NZST" name="RegistrationForm" data-provider="getTestData" finished-at="2021-06-02T10:48:01 NZST" duration-ms="8479" status="PASS">
          <params>
            <param index="0">
              <value>
                <![CDATA[a.subbu1984@gmail.com]]>
              </value>
            </param>
            <param index="1">
              <value>
                <![CDATA[SubbuA]]>
              </value>
            </param>
            <param index="2">
              <value>
                <![CDATA[Ayyanar]]>
              </value>
            </param>
            <param index="3">
              <value>
                <![CDATA[Shreya@1]]>
              </value>
            </param>
            <param index="4">
              <value>
                <![CDATA[Shreya@1]]>
              </value>
            </param>
          </params>
          <reporter-output>
          </reporter-output>
        </test-method> <!-- RegistrationForm -->
        <test-method is-config="true" signature="tearDown()[pri:0, instance:com.mylotto.qa.testcases.RegistrationMyLotto@11bd0f3b]" started-at="2021-06-02T10:48:01 NZST" name="tearDown" finished-at="2021-06-02T10:48:02 NZST" duration-ms="1103" status="PASS">
          <reporter-output>
          </reporter-output>
        </test-method> <!-- tearDown -->
        <test-method is-config="true" signature="setup()[pri:0, instance:com.mylotto.qa.testcases.RegistrationMyLotto@11bd0f3b]" started-at="2021-06-02T10:48:02 NZST" name="setup" finished-at="2021-06-02T10:48:07 NZST" duration-ms="5804" status="PASS">
          <reporter-output>
          </reporter-output>
        </test-method> <!-- setup -->
        <test-method signature="RegistrationForm(java.lang.String,java.lang.String,java.lang.String,java.lang.String,java.lang.String)[pri:1, instance:com.mylotto.qa.testcases.RegistrationMyLotto@11bd0f3b]" started-at="2021-06-02T10:48:07 NZST" name="RegistrationForm" data-provider="getTestData" finished-at="2021-06-02T10:48:16 NZST" duration-ms="8131" status="PASS">
          <params>
            <param index="0">
              <value>
                <![CDATA[a.subbu1985@gmail.com]]>
              </value>
            </param>
            <param index="1">
              <value>
                <![CDATA[Subbu]]>
              </value>
            </param>
            <param index="2">
              <value>
                <![CDATA[Ayyanar]]>
              </value>
            </param>
            <param index="3">
              <value>
                <![CDATA[Shreya@1]]>
              </value>
            </param>
            <param index="4">
              <value>
                <![CDATA[Shreya@1]]>
              </value>
            </param>
          </params>
          <reporter-output>
          </reporter-output>
        </test-method> <!-- RegistrationForm -->
        <test-method is-config="true" signature="tearDown()[pri:0, instance:com.mylotto.qa.testcases.RegistrationMyLotto@11bd0f3b]" started-at="2021-06-02T10:48:16 NZST" name="tearDown" finished-at="2021-06-02T10:48:17 NZST" duration-ms="1090" status="PASS">
          <reporter-output>
          </reporter-output>
        </test-method> <!-- tearDown -->
      </class> <!-- com.mylotto.qa.testcases.RegistrationMyLotto -->
    </test> <!-- Regression -->
  </suite> <!-- MyLotto TestNG Framework -->
</testng-results>
